<?xml version="1.0" encoding="UTF-8"?>
<testsuite name="com.jojoldu.book.springboot.web.IndexControllerTest" tests="1" skipped="0" failures="0" errors="0" timestamp="2021-04-30T14:51:17" hostname="DESKTOP-8ELORNQ" time="0.138">
  <properties/>
  <testcase name="메인페이지_로딩" classname="com.jojoldu.book.springboot.web.IndexControllerTest" time="0.138"/>
  <system-out><![CDATA[2021-04-30 23:51:15.715  INFO 2988 --- [    Test worker] .b.t.c.SpringBootTestContextBootstrapper : Neither @ContextConfiguration nor @ContextHierarchy found for test class [com.jojoldu.book.springboot.web.IndexControllerTest], using SpringBootContextLoader
2021-04-30 23:51:15.716  INFO 2988 --- [    Test worker] o.s.t.c.support.AbstractContextLoader    : Could not detect default resource locations for test class [com.jojoldu.book.springboot.web.IndexControllerTest]: no resource found for suffixes {-context.xml, Context.groovy}.
2021-04-30 23:51:15.716  INFO 2988 --- [    Test worker] t.c.s.AnnotationConfigContextLoaderUtils : Could not detect default configuration classes for test class [com.jojoldu.book.springboot.web.IndexControllerTest]: IndexControllerTest does not declare any static, non-private, non-final, nested classes annotated with @Configuration.
2021-04-30 23:51:15.718  INFO 2988 --- [    Test worker] .b.t.c.SpringBootTestContextBootstrapper : Found @SpringBootConfiguration com.jojoldu.book.springboot.Application for test class com.jojoldu.book.springboot.web.IndexControllerTest
2021-04-30 23:51:15.719  INFO 2988 --- [    Test worker] .b.t.c.SpringBootTestContextBootstrapper : Loaded default TestExecutionListener class names from location [META-INF/spring.factories]: [org.springframework.security.test.context.support.WithSecurityContextTestExecutionListener, org.springframework.security.test.context.support.ReactorContextTestExecutionListener, org.springframework.boot.test.autoconfigure.restdocs.RestDocsTestExecutionListener, org.springframework.boot.test.autoconfigure.web.client.MockRestServiceServerResetTestExecutionListener, org.springframework.boot.test.autoconfigure.web.servlet.MockMvcPrintOnlyOnFailureTestExecutionListener, org.springframework.boot.test.autoconfigure.web.servlet.WebDriverTestExecutionListener, org.springframework.boot.test.mock.mockito.MockitoTestExecutionListener, org.springframework.boot.test.mock.mockito.ResetMocksTestExecutionListener, org.springframework.test.context.web.ServletTestExecutionListener, org.springframework.test.context.support.DirtiesContextBeforeModesTestExecutionListener, org.springframework.test.context.support.DependencyInjectionTestExecutionListener, org.springframework.test.context.support.DirtiesContextTestExecutionListener, org.springframework.test.context.transaction.TransactionalTestExecutionListener, org.springframework.test.context.jdbc.SqlScriptsTestExecutionListener]
2021-04-30 23:51:15.720  INFO 2988 --- [    Test worker] .b.t.c.SpringBootTestContextBootstrapper : Using TestExecutionListeners: [org.springframework.test.context.web.ServletTestExecutionListener@6f9e85cb, org.springframework.test.context.support.DirtiesContextBeforeModesTestExecutionListener@6318be5e, org.springframework.boot.test.mock.mockito.MockitoTestExecutionListener@b345f90, org.springframework.boot.test.autoconfigure.SpringBootDependencyInjectionTestExecutionListener@269a0bcc, org.springframework.test.context.support.DirtiesContextTestExecutionListener@3db16209, org.springframework.test.context.transaction.TransactionalTestExecutionListener@1b7dd1af, org.springframework.test.context.jdbc.SqlScriptsTestExecutionListener@321cd58f, org.springframework.security.test.context.support.WithSecurityContextTestExecutionListener@442e7c6b, org.springframework.security.test.context.support.ReactorContextTestExecutionListener@72b9efcd, org.springframework.boot.test.autoconfigure.restdocs.RestDocsTestExecutionListener@73ca89c, org.springframework.boot.test.autoconfigure.web.client.MockRestServiceServerResetTestExecutionListener@5358a559, org.springframework.boot.test.autoconfigure.web.servlet.MockMvcPrintOnlyOnFailureTestExecutionListener@6422467d, org.springframework.boot.test.autoconfigure.web.servlet.WebDriverTestExecutionListener@59d81ab3, org.springframework.boot.test.mock.mockito.ResetMocksTestExecutionListener@3bc2315c]

  .   ____          _            __ _ _
 /\\ / ___'_ __ _ _(_)_ __  __ _ \ \ \ \
( ( )\___ | '_ | '_| | '_ \/ _` | \ \ \ \
 \\/  ___)| |_)| | | | | || (_| |  ) ) ) )
  '  |____| .__|_| |_|_| |_\__, | / / / /
 =========|_|==============|___/=/_/_/_/
 :: Spring Boot ::        (v2.1.7.RELEASE)

2021-04-30 23:51:15.749  INFO 2988 --- [    Test worker] c.j.b.s.web.IndexControllerTest          : Starting IndexControllerTest on DESKTOP-8ELORNQ with PID 2988 (started by 장혜진 in C:\Users\장혜진\IdeaProjects\spring_week1)
2021-04-30 23:51:15.750  INFO 2988 --- [    Test worker] c.j.b.s.web.IndexControllerTest          : No active profile set, falling back to default profiles: default
2021-04-30 23:51:15.886  INFO 2988 --- [    Test worker] .s.d.r.c.RepositoryConfigurationDelegate : Bootstrapping Spring Data repositories in DEFAULT mode.
2021-04-30 23:51:15.897  INFO 2988 --- [    Test worker] .s.d.r.c.RepositoryConfigurationDelegate : Finished Spring Data repository scanning in 11ms. Found 2 repository interfaces.
2021-04-30 23:51:15.965  INFO 2988 --- [    Test worker] trationDelegate$BeanPostProcessorChecker : Bean 'org.springframework.transaction.annotation.ProxyTransactionManagementConfiguration' of type [org.springframework.transaction.annotation.ProxyTransactionManagementConfiguration$$EnhancerBySpringCGLIB$$3d60507b] is not eligible for getting processed by all BeanPostProcessors (for example: not eligible for auto-proxying)
2021-04-30 23:51:16.137  INFO 2988 --- [    Test worker] o.s.b.w.embedded.tomcat.TomcatWebServer  : Tomcat initialized with port(s): 0 (http)
2021-04-30 23:51:16.158  INFO 2988 --- [    Test worker] o.apache.catalina.core.StandardService   : Starting service [Tomcat]
2021-04-30 23:51:16.158  INFO 2988 --- [    Test worker] org.apache.catalina.core.StandardEngine  : Starting Servlet engine: [Apache Tomcat/9.0.22]
2021-04-30 23:51:16.259  INFO 2988 --- [    Test worker] o.a.c.c.C.[Tomcat].[localhost].[/]       : Initializing Spring embedded WebApplicationContext
2021-04-30 23:51:16.260  INFO 2988 --- [    Test worker] o.s.web.context.ContextLoader            : Root WebApplicationContext: initialization completed in 508 ms
2021-04-30 23:51:16.366  INFO 2988 --- [    Test worker] com.zaxxer.hikari.HikariDataSource       : HikariPool-2 - Starting...
2021-04-30 23:51:16.367  INFO 2988 --- [    Test worker] com.zaxxer.hikari.HikariDataSource       : HikariPool-2 - Start completed.
2021-04-30 23:51:16.384  INFO 2988 --- [    Test worker] o.hibernate.jpa.internal.util.LogHelper  : HHH000204: Processing PersistenceUnitInfo [
	name: default
	...]
2021-04-30 23:51:16.389  INFO 2988 --- [    Test worker] org.hibernate.dialect.Dialect            : HHH000400: Using dialect: org.hibernate.dialect.MySQL5InnoDBDialect
Hibernate: drop table if exists posts
Hibernate: drop table if exists user
Hibernate: create table posts (id bigint not null auto_increment, created_date datetime, modified_date datetime, author varchar(255), content TEXT not null, title varchar(500) not null, primary key (id)) engine=InnoDB
Hibernate: create table user (id bigint not null auto_increment, created_date datetime, modified_date datetime, email varchar(255) not null, name varchar(255) not null, picture varchar(255), role varchar(255) not null, primary key (id)) engine=InnoDB
2021-04-30 23:51:16.422  INFO 2988 --- [    Test worker] o.h.t.schema.internal.SchemaCreatorImpl  : HHH000476: Executing import script 'org.hibernate.tool.schema.internal.exec.ScriptSourceInputNonExistentImpl@2603be3f'
2021-04-30 23:51:16.422  INFO 2988 --- [    Test worker] j.LocalContainerEntityManagerFactoryBean : Initialized JPA EntityManagerFactory for persistence unit 'default'
2021-04-30 23:51:16.613  INFO 2988 --- [    Test worker] o.h.h.i.QueryTranslatorFactoryInitiator  : HHH000397: Using ASTQueryTranslatorFactory
2021-04-30 23:51:16.700  INFO 2988 --- [    Test worker] o.s.s.web.DefaultSecurityFilterChain     : Creating filter chain: any request, [org.springframework.security.web.context.request.async.WebAsyncManagerIntegrationFilter@6e9352f, org.springframework.security.web.context.SecurityContextPersistenceFilter@2987ec20, org.springframework.security.web.header.HeaderWriterFilter@6b116783, org.springframework.security.web.authentication.logout.LogoutFilter@2134ab35, org.springframework.security.oauth2.client.web.OAuth2AuthorizationRequestRedirectFilter@bf57938, org.springframework.security.oauth2.client.web.OAuth2LoginAuthenticationFilter@321a7c92, org.springframework.security.web.authentication.ui.DefaultLoginPageGeneratingFilter@37c4a701, org.springframework.security.web.authentication.ui.DefaultLogoutPageGeneratingFilter@63488cd4, org.springframework.security.web.savedrequest.RequestCacheAwareFilter@178c859f, org.springframework.security.web.servletapi.SecurityContextHolderAwareRequestFilter@77c1d592, org.springframework.security.web.authentication.AnonymousAuthenticationFilter@43d4153c, org.springframework.security.web.session.SessionManagementFilter@3d0fa952, org.springframework.security.web.access.ExceptionTranslationFilter@617be9d6, org.springframework.security.web.access.intercept.FilterSecurityInterceptor@146e354b]
2021-04-30 23:51:16.804  INFO 2988 --- [    Test worker] o.s.s.concurrent.ThreadPoolTaskExecutor  : Initializing ExecutorService 'applicationTaskExecutor'
2021-04-30 23:51:16.815  WARN 2988 --- [    Test worker] aWebConfiguration$JpaWebMvcConfiguration : spring.jpa.open-in-view is enabled by default. Therefore, database queries may be performed during view rendering. Explicitly configure spring.jpa.open-in-view to disable this warning
2021-04-30 23:51:16.830  INFO 2988 --- [    Test worker] o.s.b.a.w.s.WelcomePageHandlerMapping    : Adding welcome page template: index
2021-04-30 23:51:17.010  INFO 2988 --- [    Test worker] s.a.ScheduledAnnotationBeanPostProcessor : No TaskScheduler/ScheduledExecutorService bean found for scheduled processing
2021-04-30 23:51:17.026  INFO 2988 --- [    Test worker] o.s.b.w.embedded.tomcat.TomcatWebServer  : Tomcat started on port(s): 53505 (http) with context path ''
2021-04-30 23:51:17.027  INFO 2988 --- [    Test worker] c.j.b.s.web.IndexControllerTest          : Started IndexControllerTest in 1.305 seconds (JVM running for 6.856)
2021-04-30 23:51:17.100  INFO 2988 --- [o-auto-1-exec-1] o.a.c.c.C.[Tomcat].[localhost].[/]       : Initializing Spring DispatcherServlet 'dispatcherServlet'
2021-04-30 23:51:17.101  INFO 2988 --- [o-auto-1-exec-1] o.s.web.servlet.DispatcherServlet        : Initializing Servlet 'dispatcherServlet'
2021-04-30 23:51:17.112  INFO 2988 --- [o-auto-1-exec-1] o.s.web.servlet.DispatcherServlet        : Completed initialization in 11 ms
Hibernate: select posts0_.id as id1_0_, posts0_.created_date as created_2_0_, posts0_.modified_date as modified3_0_, posts0_.author as author4_0_, posts0_.content as content5_0_, posts0_.title as title6_0_ from posts posts0_ order by posts0_.id DESC
]]></system-out>
  <system-err><![CDATA[]]></system-err>
</testsuite>
