<?xml version="1.0" encoding="UTF-8"?>
<testsuite name="com.jojoldu.book.springboot.web.HelloControllerTest" tests="2" skipped="0" failures="0" errors="0" timestamp="2021-05-29T01:51:44" hostname="DESKTOP-8ELORNQ" time="0.151">
  <properties/>
  <testcase name="hello가_리턴된다" classname="com.jojoldu.book.springboot.web.HelloControllerTest" time="0.064"/>
  <testcase name="helloDto가_리턴된다" classname="com.jojoldu.book.springboot.web.HelloControllerTest" time="0.086"/>
  <system-out><![CDATA[2021-05-29 10:51:43.132  INFO 9056 --- [    Test worker] .b.t.a.w.s.WebMvcTestContextBootstrapper : Neither @ContextConfiguration nor @ContextHierarchy found for test class [com.jojoldu.book.springboot.web.HelloControllerTest], using SpringBootContextLoader
2021-05-29 10:51:43.133  INFO 9056 --- [    Test worker] o.s.t.c.support.AbstractContextLoader    : Could not detect default resource locations for test class [com.jojoldu.book.springboot.web.HelloControllerTest]: no resource found for suffixes {-context.xml, Context.groovy}.
2021-05-29 10:51:43.134  INFO 9056 --- [    Test worker] t.c.s.AnnotationConfigContextLoaderUtils : Could not detect default configuration classes for test class [com.jojoldu.book.springboot.web.HelloControllerTest]: HelloControllerTest does not declare any static, non-private, non-final, nested classes annotated with @Configuration.
2021-05-29 10:51:43.158  INFO 9056 --- [    Test worker] .b.t.c.SpringBootTestContextBootstrapper : Found @SpringBootConfiguration com.jojoldu.book.springboot.Application for test class com.jojoldu.book.springboot.web.HelloControllerTest
2021-05-29 10:51:43.158  INFO 9056 --- [    Test worker] .b.t.a.w.s.WebMvcTestContextBootstrapper : Loaded default TestExecutionListener class names from location [META-INF/spring.factories]: [org.springframework.security.test.context.support.WithSecurityContextTestExecutionListener, org.springframework.security.test.context.support.ReactorContextTestExecutionListener, org.springframework.boot.test.autoconfigure.restdocs.RestDocsTestExecutionListener, org.springframework.boot.test.autoconfigure.web.client.MockRestServiceServerResetTestExecutionListener, org.springframework.boot.test.autoconfigure.web.servlet.MockMvcPrintOnlyOnFailureTestExecutionListener, org.springframework.boot.test.autoconfigure.web.servlet.WebDriverTestExecutionListener, org.springframework.boot.test.mock.mockito.MockitoTestExecutionListener, org.springframework.boot.test.mock.mockito.ResetMocksTestExecutionListener, org.springframework.test.context.web.ServletTestExecutionListener, org.springframework.test.context.support.DirtiesContextBeforeModesTestExecutionListener, org.springframework.test.context.support.DependencyInjectionTestExecutionListener, org.springframework.test.context.support.DirtiesContextTestExecutionListener, org.springframework.test.context.transaction.TransactionalTestExecutionListener, org.springframework.test.context.jdbc.SqlScriptsTestExecutionListener]
2021-05-29 10:51:43.160  INFO 9056 --- [    Test worker] .b.t.a.w.s.WebMvcTestContextBootstrapper : Using TestExecutionListeners: [org.springframework.test.context.web.ServletTestExecutionListener@29e7fbf4, org.springframework.test.context.support.DirtiesContextBeforeModesTestExecutionListener@2fdaae24, org.springframework.boot.test.mock.mockito.MockitoTestExecutionListener@2a06a343, org.springframework.boot.test.autoconfigure.SpringBootDependencyInjectionTestExecutionListener@11b52d2f, org.springframework.test.context.support.DirtiesContextTestExecutionListener@71b4cb6, org.springframework.test.context.transaction.TransactionalTestExecutionListener@7dca79ff, org.springframework.test.context.jdbc.SqlScriptsTestExecutionListener@6249c1be, org.springframework.security.test.context.support.WithSecurityContextTestExecutionListener@5a2d448d, org.springframework.security.test.context.support.ReactorContextTestExecutionListener@70edd82, org.springframework.boot.test.autoconfigure.restdocs.RestDocsTestExecutionListener@29a5491d, org.springframework.boot.test.autoconfigure.web.client.MockRestServiceServerResetTestExecutionListener@5cd39a6, org.springframework.boot.test.autoconfigure.web.servlet.MockMvcPrintOnlyOnFailureTestExecutionListener@35741cbe, org.springframework.boot.test.autoconfigure.web.servlet.WebDriverTestExecutionListener@4467255f, org.springframework.boot.test.mock.mockito.ResetMocksTestExecutionListener@4789616f]

  .   ____          _            __ _ _
 /\\ / ___'_ __ _ _(_)_ __  __ _ \ \ \ \
( ( )\___ | '_ | '_| | '_ \/ _` | \ \ \ \
 \\/  ___)| |_)| | | | | || (_| |  ) ) ) )
  '  |____| .__|_| |_|_| |_\__, | / / / /
 =========|_|==============|___/=/_/_/_/
 :: Spring Boot ::        (v2.1.7.RELEASE)

2021-05-29 10:51:43.212  INFO 9056 --- [    Test worker] c.j.b.s.web.HelloControllerTest          : Starting HelloControllerTest on DESKTOP-8ELORNQ with PID 9056 (started by 장혜진 in C:\Users\장혜진\IdeaProjects\spring_week1)
2021-05-29 10:51:43.215  INFO 9056 --- [    Test worker] c.j.b.s.web.HelloControllerTest          : No active profile set, falling back to default profiles: default
2021-05-29 10:51:43.614  INFO 9056 --- [    Test worker] o.s.s.concurrent.ThreadPoolTaskExecutor  : Initializing ExecutorService 'applicationTaskExecutor'
2021-05-29 10:51:43.641  INFO 9056 --- [    Test worker] o.s.b.a.w.s.WelcomePageHandlerMapping    : Adding welcome page template: index
2021-05-29 10:51:43.825  INFO 9056 --- [    Test worker] .s.s.UserDetailsServiceAutoConfiguration : 

Using generated security password: eecca9e4-99b2-4819-a887-74b2e5007224

2021-05-29 10:51:43.952  INFO 9056 --- [    Test worker] o.s.s.web.DefaultSecurityFilterChain     : Creating filter chain: any request, [org.springframework.security.web.context.request.async.WebAsyncManagerIntegrationFilter@2643548f, org.springframework.security.web.context.SecurityContextPersistenceFilter@766d4903, org.springframework.security.web.header.HeaderWriterFilter@65e9c67b, org.springframework.security.web.csrf.CsrfFilter@5495d2b5, org.springframework.security.web.authentication.logout.LogoutFilter@1ffeb739, org.springframework.security.web.authentication.UsernamePasswordAuthenticationFilter@1615029d, org.springframework.security.web.authentication.ui.DefaultLoginPageGeneratingFilter@26bfb169, org.springframework.security.web.authentication.ui.DefaultLogoutPageGeneratingFilter@386d19a6, org.springframework.security.web.authentication.www.BasicAuthenticationFilter@45c34d90, org.springframework.security.web.savedrequest.RequestCacheAwareFilter@fdf9b83, org.springframework.security.web.servletapi.SecurityContextHolderAwareRequestFilter@242e4e1d, org.springframework.security.web.authentication.AnonymousAuthenticationFilter@671d7cf6, org.springframework.security.web.session.SessionManagementFilter@1f93b009, org.springframework.security.web.access.ExceptionTranslationFilter@7371574a, org.springframework.security.web.access.intercept.FilterSecurityInterceptor@59810b32]
2021-05-29 10:51:43.995  INFO 9056 --- [    Test worker] o.s.b.t.m.w.SpringBootMockServletContext : Initializing Spring TestDispatcherServlet ''
2021-05-29 10:51:43.995  INFO 9056 --- [    Test worker] o.s.t.web.servlet.TestDispatcherServlet  : Initializing Servlet ''
2021-05-29 10:51:44.009  INFO 9056 --- [    Test worker] o.s.t.web.servlet.TestDispatcherServlet  : Completed initialization in 14 ms
2021-05-29 10:51:44.029  INFO 9056 --- [    Test worker] c.j.b.s.web.HelloControllerTest          : Started HelloControllerTest in 0.867 seconds (JVM running for 9.894)
]]></system-out>
  <system-err><![CDATA[]]></system-err>
</testsuite>
